[debug] [2018-03-16T15:39:18.568Z] ----------------------------------------------------------------------
[debug] [2018-03-16T15:39:18.571Z] Command:       /usr/local/Cellar/node/9.4.0/bin/node /usr/local/bin/firebase deploy
[debug] [2018-03-16T15:39:18.572Z] CLI Version:   3.17.6
[debug] [2018-03-16T15:39:18.572Z] Platform:      darwin
[debug] [2018-03-16T15:39:18.572Z] Node Version:  v9.4.0
[debug] [2018-03-16T15:39:18.572Z] Time:          Fri Mar 16 2018 16:39:18 GMT+0100 (CET)
[debug] [2018-03-16T15:39:18.572Z] ----------------------------------------------------------------------
[debug] 
[debug] [2018-03-16T15:39:18.590Z] > command requires scopes: ["email","openid","https://www.googleapis.com/auth/cloudplatformprojects.readonly","https://www.googleapis.com/auth/firebase","https://www.googleapis.com/auth/cloud-platform"]
[debug] [2018-03-16T15:39:18.590Z] > authorizing via signed-in user
[debug] [2018-03-16T15:39:18.592Z] > refreshing access token with scopes: ["email","https://www.googleapis.com/auth/cloud-platform","https://www.googleapis.com/auth/cloudplatformprojects.readonly","https://www.googleapis.com/auth/firebase","openid"]
[debug] [2018-03-16T15:39:18.592Z] >>> HTTP REQUEST POST https://www.googleapis.com/oauth2/v3/token  
 { refresh_token: '1/GOVYs-_XIO_CL1MUT2AHmlEwrQ4taZZVVpu1h5966dk',
  client_id: '563584335869-fgrhgmd47bqnekij5i8b5pr03ho849e6.apps.googleusercontent.com',
  client_secret: 'j9iVZfS8kkCEFUPaAeJV0sAi',
  grant_type: 'refresh_token',
  scope: 'email https://www.googleapis.com/auth/cloud-platform https://www.googleapis.com/auth/cloudplatformprojects.readonly https://www.googleapis.com/auth/firebase openid' } 
 Fri Mar 16 2018 16:39:18 GMT+0100 (CET)
[debug] [2018-03-16T15:39:18.826Z] <<< HTTP RESPONSE 200
[debug] [2018-03-16T15:39:18.851Z] >>> HTTP REQUEST GET https://admin.firebase.com/v1/projects/work-79d17  
  
 Fri Mar 16 2018 16:39:18 GMT+0100 (CET)
[debug] [2018-03-16T15:39:19.482Z] <<< HTTP RESPONSE 200
[debug] [2018-03-16T15:39:19.483Z] >>> HTTP REQUEST GET https://admin.firebase.com/v1/database/work-79d17/tokens  
  
 Fri Mar 16 2018 16:39:19 GMT+0100 (CET)
[debug] [2018-03-16T15:39:20.043Z] <<< HTTP RESPONSE 200
[info] 
[info] === Deploying to 'work-79d17'...
[info] 
[info] i  deploying database, hosting
[debug] [2018-03-16T15:39:20.761Z] Error: ENOENT: no such file or directory, open '/Users/valterspukitis/Downloads/your-first-pwapp-master/work/database.rules.json'
    at Object.fs.openSync (fs.js:663:18)
    at Object.fs.readFileSync (fs.js:568:33)
    at Config.readProjectFile (/usr/local/lib/node_modules/firebase-tools/lib/config.js:151:22)
    at /usr/local/lib/node_modules/firebase-tools/lib/deploy/database/prepare.js:53:40
    at /usr/local/lib/node_modules/firebase-tools/node_modules/lodash/lodash.js:4917:15
    at baseForOwn (/usr/local/lib/node_modules/firebase-tools/node_modules/lodash/lodash.js:3002:24)
    at /usr/local/lib/node_modules/firebase-tools/node_modules/lodash/lodash.js:4886:18
    at Function.forEach (/usr/local/lib/node_modules/firebase-tools/node_modules/lodash/lodash.js:9334:14)
    at module.exports (/usr/local/lib/node_modules/firebase-tools/lib/deploy/database/prepare.js:50:5)
    at _chain (/usr/local/lib/node_modules/firebase-tools/lib/deploy/index.js:23:45)
[error] 
[error] Error: An unexpected error has occurred.
